{"error":{"code":"ERR_INVALID_ARG_TYPE"},"level":"error","message":"[ProxmoxDirectory] Error reading config file:"}
{"level":"info","message":"LDAP Server listening on port 636"}
{"error":{"code":"ERR_INVALID_ARG_TYPE"},"level":"error","message":"[ProxmoxDirectory] Error reading config file:"}
{"level":"info","message":"LDAP Server listening on port 636"}
{"level":"warn","message":"[ProxmoxDirectory] No config path provided. Using empty user/group lists."}
{"level":"warn","message":"LDAP server running without SSL/TLS certificates"}
{"level":"info","message":"LDAP Server listening on port 636"}
{"level":"warn","message":"Server is running without SSL/TLS encryption - use port 389 for non-encrypted connections"}
{"level":"warn","message":"[ProxmoxDirectory] No config path provided. Using empty user/group lists."}
{"level":"warn","message":"LDAP server running without SSL/TLS certificates"}
{"level":"info","message":"LDAP Server listening on port 636"}
{"level":"warn","message":"Server is running without SSL/TLS encryption - use port 389 for non-encrypted connections"}
{"level":"warn","message":"[ProxmoxDirectory] No config path provided. Using empty user/group lists."}
{"level":"warn","message":"LDAP server running without SSL/TLS certificates"}
{"level":"info","message":"LDAP Server listening on port 636"}
{"level":"warn","message":"Server is running without SSL/TLS encryption - use port 389 for non-encrypted connections"}
{"jse_cause":{},"jse_info":{},"jse_shortmsg":"Parser error for 127.0.0.1:58282","level":"error","message":"LDAP Server error: Parser error for 127.0.0.1:58282: Expected 0x02: got 0x01","stack":"VError: Parser error for 127.0.0.1:58282: Expected 0x02: got 0x01\n    at Parser.<anonymous> (/Volumes/Case/prj/LDAPServer/src/node_modules/ldapjs/lib/server.js:459:26)\n    at Parser.emit (node:events:508:28)\n    at Parser.write (/Volumes/Case/prj/LDAPServer/src/node_modules/ldapjs/lib/messages/parser.js:131:10)\n    at Socket.<anonymous> (/Volumes/Case/prj/LDAPServer/src/node_modules/ldapjs/lib/server.js:474:19)\n    at Socket.emit (node:events:508:28)\n    at addChunk (node:internal/streams/readable:559:12)\n    at readableAddChunkPushByteMode (node:internal/streams/readable:510:3)\n    at Readable.push (node:internal/streams/readable:390:5)\n    at TCP.onStreamRead (node:internal/stream_base_commons:189:23)"}
{"level":"warn","message":"[ProxmoxDirectory] No config path provided. Using empty user/group lists."}
{"level":"warn","message":"LDAP server running without SSL/TLS certificates"}
{"level":"info","message":"LDAP Server listening on port 389"}
{"level":"info","message":"Server is running without SSL/TLS encryption - use ldap:// connections"}
{"level":"warn","message":"[ProxmoxDirectory] No config path provided. Using empty user/group lists."}
{"level":"warn","message":"LDAP server running without SSL/TLS certificates"}
{"level":"info","message":"LDAP Server listening on port 389"}
{"level":"info","message":"Server is running without SSL/TLS encryption - use ldap:// connections"}
{"jse_cause":{},"jse_info":{},"jse_shortmsg":"Parser error for 127.0.0.1:58451","level":"error","message":"LDAP Server error: Parser error for 127.0.0.1:58451: Expected 0x02: got 0x01","stack":"VError: Parser error for 127.0.0.1:58451: Expected 0x02: got 0x01\n    at Parser.<anonymous> (/Volumes/Case/prj/LDAPServer/src/node_modules/ldapjs/lib/server.js:459:26)\n    at Parser.emit (node:events:508:28)\n    at Parser.write (/Volumes/Case/prj/LDAPServer/src/node_modules/ldapjs/lib/messages/parser.js:131:10)\n    at Socket.<anonymous> (/Volumes/Case/prj/LDAPServer/src/node_modules/ldapjs/lib/server.js:474:19)\n    at Socket.emit (node:events:508:28)\n    at addChunk (node:internal/streams/readable:559:12)\n    at readableAddChunkPushByteMode (node:internal/streams/readable:510:3)\n    at Readable.push (node:internal/streams/readable:390:5)\n    at TCP.onStreamRead (node:internal/stream_base_commons:189:23)"}
{"code":"ENOTFOUND","errno":-3008,"fatal":true,"hostname":"mysql","level":"error","message":"[handleUserSearch] Error searching for user ann: getaddrinfo ENOTFOUND mysql","stack":"Error: getaddrinfo ENOTFOUND mysql\n    at GetAddrInfoReqWrap.onlookupall [as oncomplete] (node:dns:122:26)","syscall":"getaddrinfo"}
{"code":"ENOTFOUND","errno":-3008,"fatal":true,"hostname":"mysql","level":"error","message":"[handleUserSearch] Error searching for user ann: getaddrinfo ENOTFOUND mysql","stack":"Error: getaddrinfo ENOTFOUND mysql\n    at GetAddrInfoReqWrap.onlookupall [as oncomplete] (node:dns:122:26)","syscall":"getaddrinfo"}
{"level":"warn","message":"[ProxmoxDirectory] No config path provided. Using empty user/group lists."}
{"level":"warn","message":"LDAP server running without SSL/TLS certificates"}
{"level":"info","message":"LDAP Server listening on port 389"}
{"level":"info","message":"Server is running without SSL/TLS encryption - use ldap:// connections"}
{"level":"warn","message":"[ProxmoxDirectory] No config path provided. Using empty user/group lists."}
{"level":"info","message":"LDAP server configured with SSL/TLS certificates"}
{"level":"info","message":"LDAP Server listening on port 636"}
{"level":"info","message":"Server is running with SSL/TLS encryption - use ldaps:// connections"}
{"level":"warn","message":"[ProxmoxDirectory] No config path provided. Using empty user/group lists."}
{"level":"info","message":"LDAP server configured with SSL/TLS certificates"}
{"level":"info","message":"LDAP Server listening on port 636"}
{"level":"info","message":"Server is running with SSL/TLS encryption - use ldaps:// connections"}
{"level":"info","message":"Created certificate directory: /Volumes/Case/prj/LDAPServer/src/cert"}
{"level":"info","message":"Creating self-signed certificates..."}
{"level":"info","message":"Self-signed certificates created successfully"}
{"level":"info","message":"Certificates loaded from files"}
{"level":"warn","message":"[ProxmoxDirectory] No config path provided. Using empty user/group lists."}
{"level":"info","message":"LDAP server configured with SSL/TLS certificates"}
{"level":"info","message":"LDAP Server listening on port 636"}
{"level":"info","message":"Server is running with SSL/TLS encryption - use ldaps:// connections"}
{"level":"info","message":"Certificates already exist, using existing ones"}
{"level":"info","message":"Certificates loaded from files"}
{"level":"warn","message":"[ProxmoxDirectory] No config path provided. Using empty user/group lists."}
{"level":"info","message":"LDAP server configured with SSL/TLS certificates"}
{"level":"info","message":"LDAP Server listening on port 636"}
{"level":"info","message":"Server is running with SSL/TLS encryption - use ldaps:// connections"}
{"level":"info","message":"Certificates already exist, using existing ones"}
{"level":"info","message":"Certificates loaded from files"}
{"level":"warn","message":"[ProxmoxDirectory] No config path provided. Using empty user/group lists."}
{"level":"info","message":"LDAP server configured with SSL/TLS certificates"}
{"level":"info","message":"LDAP Server listening on port 636"}
{"level":"info","message":"Server is running with SSL/TLS encryption - use ldaps:// connections"}
